<?xml version="1.0" encoding="UTF-8"?>
<!-- Generated by org.testng.reporters.JUnitReportReporter -->
<testsuite hostname="Vinutha" failures="0" tests="2" name="Endtoend_Test.CreateDataTest" time="2.240" errors="0" timestamp="2024-11-01T09:00:29 CDT" skipped="0">
  <testcase classname="Endtoend_Test.CreateDataTest" name="CreateUser" time="0.331"/>
  <system-out/>
  <testcase classname="Endtoend_Test.CreateDataTest" name="logintoTekarchRequest" time="1.909"/>
  <system-out/>
</testsuite> <!-- Endtoend_Test.CreateDataTest -->
