<?xml version="1.0" encoding="UTF-8"?>
<!-- Generated by org.testng.reporters.JUnitReportReporter -->
<testsuite hostname="Vinutha" failures="0" tests="1" name="Endtoend_Test.GetDataTest" time="2.200" errors="0" timestamp="2024-11-01T09:50:25 CDT" skipped="0">
  <testcase classname="Endtoend_Test.GetDataTest" name="getToken" time="2.200"/>
  <system-out/>
</testsuite> <!-- Endtoend_Test.GetDataTest -->
