<?xml version="1.0" encoding="UTF-8"?>
<!-- Generated by org.testng.reporters.JUnitReportReporter -->
<testsuite hostname="Vinutha" failures="0" tests="3" name="com.sep.basic.Day1.FirstTest2" time="2.973" errors="0" timestamp="2024-11-01T08:39:31 CDT" skipped="0">
  <testcase classname="com.sep.basic.Day1.FirstTest2" name="simpleTest3" time="0.345"/>
  <system-out/>
  <testcase classname="com.sep.basic.Day1.FirstTest2" name="simpleTest2" time="0.324"/>
  <system-out/>
  <testcase classname="com.sep.basic.Day1.FirstTest2" name="simpleTest" time="2.304"/>
  <system-out/>
</testsuite> <!-- com.sep.basic.Day1.FirstTest2 -->
