<?xml version="1.0" encoding="UTF-8"?>
<!-- Generated by org.testng.reporters.JUnitReportReporter -->
<testsuite hostname="Vinutha" failures="0" tests="2" name="com.sep.basic.Day1.deleteUSerTest" time="4.075" errors="0" timestamp="2024-11-01T09:15:52 CDT" skipped="0">
  <testcase classname="com.sep.basic.Day1.deleteUSerTest" name="deleteUser" time="2.168"/>
  <system-out/>
  <testcase classname="com.sep.basic.Day1.deleteUSerTest" name="logintoTekarchRequest" time="1.907"/>
  <system-out/>
</testsuite> <!-- com.sep.basic.Day1.deleteUSerTest -->
