<?xml version="1.0" encoding="UTF-8"?>
<!-- Generated by org.testng.reporters.JUnitReportReporter -->
<testsuite hostname="Vinutha" failures="0" tests="6" name="Endtoend_Test_updated.CompleteEndToEndTest" time="40.579" errors="0" timestamp="2024-11-04T23:22:18 CST" skipped="0">
  <testcase classname="Endtoend_Test_updated.CompleteEndToEndTest" name="getToken" time="1.808"/>
  <system-out/>
  <testcase classname="Endtoend_Test_updated.CompleteEndToEndTest" name="createUser" time="16.110"/>
  <system-out/>
  <testcase classname="Endtoend_Test_updated.CompleteEndToEndTest" name="getAllUsers" time="19.823"/>
  <system-out/>
  <testcase classname="Endtoend_Test_updated.CompleteEndToEndTest" name="updateUser" time="2.507"/>
  <system-out/>
  <testcase classname="Endtoend_Test_updated.CompleteEndToEndTest" name="deleteUser" time="0.167"/>
  <system-out/>
  <testcase classname="Endtoend_Test_updated.CompleteEndToEndTest" name="deleteUserWithHardCodedValues" time="0.164"/>
  <system-out/>
</testsuite> <!-- Endtoend_Test_updated.CompleteEndToEndTest -->
