<?xml version="1.0" encoding="UTF-8"?>
<!-- Generated by org.testng.reporters.JUnitReportReporter -->
<testsuite hostname="Vinutha" failures="0" tests="2" name="Endtoend_Test.GetDataTest1" time="21.347" errors="0" timestamp="2024-11-01T09:51:12 CDT" skipped="0">
  <testcase classname="Endtoend_Test.GetDataTest1" name="getToken" time="1.979"/>
  <system-out/>
  <testcase classname="Endtoend_Test.GetDataTest1" name="GetAllUSers" time="19.368"/>
  <system-out/>
</testsuite> <!-- Endtoend_Test.GetDataTest1 -->
