<?xml version="1.0" encoding="UTF-8"?>
<!-- Generated by org.testng.reporters.JUnitReportReporter -->
<testsuite hostname="Vinutha" failures="0" tests="2" name="Endtoend_Test.deleteUSerTest" time="4.495" errors="0" timestamp="2024-11-01T11:57:48 CDT" skipped="0">
  <testcase classname="Endtoend_Test.deleteUSerTest" name="deleteUser" time="2.043"/>
  <system-out/>
  <testcase classname="Endtoend_Test.deleteUSerTest" name="logintoTekarchRequest" time="2.452"/>
  <system-out/>
</testsuite> <!-- Endtoend_Test.deleteUSerTest -->
