<?xml version="1.0" encoding="UTF-8"?>
<!-- Generated by org.testng.reporters.JUnitReportReporter -->
<testsuite hostname="Vinutha" failures="0" tests="2" name="Endtoend_Test.updateUSerTest" time="2.142" errors="0" timestamp="2024-11-01T09:13:48 CDT" skipped="0">
  <testcase classname="Endtoend_Test.updateUSerTest" name="logintoTekarchRequest" time="1.890"/>
  <system-out/>
  <testcase classname="Endtoend_Test.updateUSerTest" name="UpdateUser" time="0.252"/>
  <system-out/>
</testsuite> <!-- Endtoend_Test.updateUSerTest -->
