<?xml version="1.0" encoding="UTF-8"?>
<!-- Generated by org.testng.reporters.JUnitReportReporter -->
<testsuite hostname="Vinutha" failures="0" tests="2" name="com.sep.basic.Day1.FirstTest" time="2.284" errors="0" timestamp="2024-11-01T08:38:56 CDT" skipped="0">
  <testcase classname="com.sep.basic.Day1.FirstTest" name="simpleTest2" time="0.213"/>
  <system-out/>
  <testcase classname="com.sep.basic.Day1.FirstTest" name="simpleTest" time="2.071"/>
  <system-out/>
</testsuite> <!-- com.sep.basic.Day1.FirstTest -->
